info: [root]: lakefile.lean and lakefile.toml are both present; using lakefile.lean
⚠ [3/15] Replayed FMT.Graph.Distance
warning: FMT/Graph/Distance.lean:6:22: unused variable `u`

Note: This linter can be disabled with `set_option linter.unusedVariables false`
warning: FMT/Graph/Distance.lean:6:24: unused variable `v`

Note: This linter can be disabled with `set_option linter.unusedVariables false`
⚠ [4/15] Replayed FMT.Graph.BoundedRadius
warning: FMT/Graph/BoundedRadius.lean:5:22: unused variable `r`

Note: This linter can be disabled with `set_option linter.unusedVariables false`
warning: FMT/Graph/BoundedRadius.lean:5:32: unused variable `v`

Note: This linter can be disabled with `set_option linter.unusedVariables false`
warning: FMT/Graph/BoundedRadius.lean:6:4: unused variable `u`

Note: This linter can be disabled with `set_option linter.unusedVariables false`
⚠ [5/15] Replayed FMT.Types.Factorization
warning: FMT/Types/Factorization.lean:3:31: unused variable `f`

Note: This linter can be disabled with `set_option linter.unusedVariables false`
warning: FMT/Types/Factorization.lean:3:45: unused variable `τ`

Note: This linter can be disabled with `set_option linter.unusedVariables false`
⚠ [10/15] Replayed FMT.Invariants.NonFactorization
warning: FMT/Invariants/NonFactorization.lean:6:25: unused variable `f`

Note: This linter can be disabled with `set_option linter.unusedVariables false`
warning: FMT/Invariants/NonFactorization.lean:8:21: unused variable `n`

Note: This linter can be disabled with `set_option linter.unusedVariables false`
⚠ [13/15] Built FMT.Examples.Separation (269ms)
warning: FMT/Examples/Separation.lean:5:15: unused variable `G`

Note: This linter can be disabled with `set_option linter.unusedVariables false`
warning: FMT/Examples/Separation.lean:5:17: unused variable `H`

Note: This linter can be disabled with `set_option linter.unusedVariables false`
✔ [14/15] Built FMT (234ms)
Build completed successfully (15 jobs).
